\BOOKMARK [1][-]{section.1}{A Better Method for Loading ECCOv4 NetCDF Tile Files}{}% 1
\BOOKMARK [2][-]{subsection.1.1}{Objectives:}{section.1}% 2
\BOOKMARK [2][-]{subsection.1.2}{Introduction}{section.1}% 3
\BOOKMARK [3][-]{subsubsection.1.2.1}{Examining the Dataset object contents}{subsection.1.2}% 4
\BOOKMARK [2][-]{subsection.1.3}{The four horizontal points of the c-grid}{section.1}% 5
\BOOKMARK [3][-]{subsubsection.1.3.1}{c points}{subsection.1.3}% 6
\BOOKMARK [3][-]{subsubsection.1.3.2}{u points}{subsection.1.3}% 7
\BOOKMARK [3][-]{subsubsection.1.3.3}{v points}{subsection.1.3}% 8
\BOOKMARK [3][-]{subsubsection.1.3.4}{g points}{subsection.1.3}% 9
\BOOKMARK [2][-]{subsection.1.4}{The two vertical points of the c-grid}{section.1}% 10
\BOOKMARK [3][-]{subsubsection.1.4.1}{w points}{subsection.1.4}% 11
\BOOKMARK [3][-]{subsubsection.1.4.2}{k points}{subsection.1.4}% 12
\BOOKMARK [2][-]{subsection.1.5}{Applying the C-grid coordinates to the variables}{section.1}% 13
\BOOKMARK [3][-]{subsubsection.1.5.1}{load\137tile\137from\137netcdf}{subsection.1.5}% 14
\BOOKMARK [3][-]{subsubsection.1.5.2}{Loading an ECCO v4 netCDF grid tile file using load\137tile\137from\137netcdf}{subsection.1.5}% 15
\BOOKMARK [3][-]{subsubsection.1.5.3}{Examining the Dataset object contents}{subsection.1.5}% 16
\BOOKMARK [2][-]{subsection.1.6}{A closer look at the DataArray after loading with load\137tile\137from\137netcdf}{section.1}% 17
\BOOKMARK [2][-]{subsection.1.7}{Loading non-grid ECCO variables using load\137tile\137from\137netcdf}{section.1}% 18
\BOOKMARK [3][-]{subsubsection.1.7.1}{A 'c' point variable: SSH}{subsection.1.7}% 19
\BOOKMARK [3][-]{subsubsection.1.7.2}{A 'u' point variable: UVEL}{subsection.1.7}% 20
\BOOKMARK [3][-]{subsubsection.1.7.3}{A 'v' point variable: VVEL}{subsection.1.7}% 21
\BOOKMARK [2][-]{subsection.1.8}{Conclusion}{section.1}% 22
